Started GET "/" for 127.0.0.1 at 2023-03-03 13:11:45 +0530
  [1m[35m (0.7ms)[0m  [1m[34mSELECT sqlite_version(*)[0m
Processing by Rails::WelcomeController#index as HTML
  Rendering /home/gammastack/.rvm/gems/ruby-3.0.0/gems/railties-6.1.7.2/lib/rails/templates/rails/welcome/index.html.erb
  Rendered /home/gammastack/.rvm/gems/ruby-3.0.0/gems/railties-6.1.7.2/lib/rails/templates/rails/welcome/index.html.erb (Duration: 4.4ms | Allocations: 521)
Completed 200 OK in 12ms (Views: 6.9ms | ActiveRecord: 0.0ms | Allocations: 4218)


  [1m[35m (0.2ms)[0m  [1m[34mSELECT sqlite_version(*)[0m
  [1m[35m (81.3ms)[0m  [1m[35mCREATE TABLE "schema_migrations" ("version" varchar NOT NULL PRIMARY KEY)[0m
  [1m[35m (68.8ms)[0m  [1m[35mCREATE TABLE "ar_internal_metadata" ("key" varchar NOT NULL PRIMARY KEY, "value" varchar, "created_at" datetime(6) NOT NULL, "updated_at" datetime(6) NOT NULL)[0m
  [1m[35m (0.1ms)[0m  [1m[34mSELECT "schema_migrations"."version" FROM "schema_migrations" ORDER BY "schema_migrations"."version" ASC[0m
Migrating to CreateArticles (20230303075719)
  [1m[36mTRANSACTION (0.0ms)[0m  [1m[36mbegin transaction[0m
  [1m[35m (0.1ms)[0m  [1m[35mCREATE TABLE "articles" ("id" integer PRIMARY KEY AUTOINCREMENT NOT NULL, "title" varchar, "body" text, "created_at" datetime(6) NOT NULL, "updated_at" datetime(6) NOT NULL)[0m
  [1m[36mActiveRecord::SchemaMigration Create (0.1ms)[0m  [1m[32mINSERT INTO "schema_migrations" ("version") VALUES (?)[0m  [["version", "20230303075719"]]
  [1m[36mTRANSACTION (71.4ms)[0m  [1m[36mcommit transaction[0m
  [1m[36mActiveRecord::InternalMetadata Load (0.1ms)[0m  [1m[34mSELECT "ar_internal_metadata".* FROM "ar_internal_metadata" WHERE "ar_internal_metadata"."key" = ? LIMIT ?[0m  [["key", "environment"], ["LIMIT", 1]]
  [1m[36mTRANSACTION (0.0ms)[0m  [1m[36mbegin transaction[0m
  [1m[36mActiveRecord::InternalMetadata Create (0.1ms)[0m  [1m[32mINSERT INTO "ar_internal_metadata" ("key", "value", "created_at", "updated_at") VALUES (?, ?, ?, ?)[0m  [["key", "environment"], ["value", "development"], ["created_at", "2023-03-03 07:57:27.684381"], ["updated_at", "2023-03-03 07:57:27.684381"]]
  [1m[36mTRANSACTION (57.2ms)[0m  [1m[36mcommit transaction[0m
  [1m[35m (0.2ms)[0m  [1m[34mSELECT sqlite_version(*)[0m
  [1m[35m (0.3ms)[0m  [1m[34mSELECT "schema_migrations"."version" FROM "schema_migrations" ORDER BY "schema_migrations"."version" ASC[0m
  [1m[35m (0.2ms)[0m  [1m[34mSELECT sqlite_version(*)[0m
  [1m[36mTRANSACTION (0.0ms)[0m  [1m[36mbegin transaction[0m
  [1m[36mArticle Create (0.2ms)[0m  [1m[32mINSERT INTO "articles" ("title", "body", "created_at", "updated_at") VALUES (?, ?, ?, ?)[0m  [["title", "Hello Gems"], ["body", "Learning Rails"], ["created_at", "2023-03-03 07:58:25.347865"], ["updated_at", "2023-03-03 07:58:25.347865"]]
  [1m[36mTRANSACTION (75.0ms)[0m  [1m[36mcommit transaction[0m
  [1m[36mTRANSACTION (0.1ms)[0m  [1m[36mbegin transaction[0m
  [1m[36mArticle Create (0.6ms)[0m  [1m[32mINSERT INTO "articles" ("title", "body", "created_at", "updated_at") VALUES (?, ?, ?, ?)[0m  [["title", "Hello Folks"], ["body", "Keep learning and never give up"], ["created_at", "2023-03-03 07:59:16.779136"], ["updated_at", "2023-03-03 07:59:16.779136"]]
  [1m[36mTRANSACTION (76.0ms)[0m  [1m[36mcommit transaction[0m
  [1m[36mArticle Load (0.4ms)[0m  [1m[34mSELECT "articles".* FROM "articles" /* loading for inspect */ LIMIT ?[0m  [["LIMIT", 11]]
  [1m[36mArticle Load (0.1ms)[0m  [1m[34mSELECT "articles".* FROM "articles" WHERE "articles"."id" = ? LIMIT ?[0m  [["id", 1], ["LIMIT", 1]]
  [1m[36mArticle Load (0.1ms)[0m  [1m[34mSELECT "articles".* FROM "articles" WHERE "articles"."id" = ? LIMIT ?[0m  [["id", 2], ["LIMIT", 1]]
  [1m[36mArticle Load (0.3ms)[0m  [1m[34mSELECT "articles".* FROM "articles" WHERE "articles"."id" = ? LIMIT ?[0m  [["id", 3], ["LIMIT", 1]]
  [1m[36mArticle Load (0.1ms)[0m  [1m[34mSELECT "articles".* FROM "articles" ORDER BY "articles"."id" ASC LIMIT ?[0m  [["LIMIT", 1]]
  [1m[35m (0.2ms)[0m  [1m[34mSELECT sqlite_version(*)[0m
  [1m[36mArticle Load (0.1ms)[0m  [1m[34mSELECT "articles".* FROM "articles" ORDER BY "articles"."id" DESC LIMIT ?[0m  [["LIMIT", 1]]
Started GET "/" for ::1 at 2023-03-03 13:36:01 +0530
  [1m[35m (0.2ms)[0m  [1m[34mSELECT sqlite_version(*)[0m
  [1m[35m (0.1ms)[0m  [1m[34mSELECT "schema_migrations"."version" FROM "schema_migrations" ORDER BY "schema_migrations"."version" ASC[0m
Processing by Rails::WelcomeController#index as HTML
  Rendering /home/gammastack/.rvm/gems/ruby-3.0.0/gems/railties-6.1.7.2/lib/rails/templates/rails/welcome/index.html.erb
  Rendered /home/gammastack/.rvm/gems/ruby-3.0.0/gems/railties-6.1.7.2/lib/rails/templates/rails/welcome/index.html.erb (Duration: 3.8ms | Allocations: 416)
Completed 200 OK in 9ms (Views: 5.2ms | ActiveRecord: 0.0ms | Allocations: 3107)


Started GET "/" for ::1 at 2023-03-03 13:36:54 +0530
Processing by ArticlesController#index as HTML
  Rendering layout layouts/application.html.erb
  Rendering articles/index.html.erb within layouts/application
  [1m[35m (0.0ms)[0m  [1m[34mSELECT sqlite_version(*)[0m
  ↳ app/views/articles/index.html.erb:1
  [1m[36mArticle Load (0.1ms)[0m  [1m[34mSELECT "articles".* FROM "articles"[0m
  ↳ app/views/articles/index.html.erb:1
  Rendered articles/index.html.erb within layouts/application (Duration: 5.8ms | Allocations: 4863)
[Webpacker] Compiling...
[Webpacker] Compiled all packs in /home/gammastack/Desktop/blog/public/packs
[Webpacker] Hash: 804a8059a304061a3e74
Version: webpack 4.46.0
Time: 768ms
Built at: 03/03/2023 1:36:55 PM
                                     Asset       Size       Chunks                         Chunk Names
    js/application-271cf8931bb708d2d8bb.js    121 KiB  application  [emitted] [immutable]  application
js/application-271cf8931bb708d2d8bb.js.map    133 KiB  application  [emitted] [dev]        application
                             manifest.json  364 bytes               [emitted]              
Entrypoint application = js/application-271cf8931bb708d2d8bb.js js/application-271cf8931bb708d2d8bb.js.map
[./app/javascript/channels sync recursive _channel\.js$] ./app/javascript/channels sync _channel\.js$ 160 bytes {application} [built]
[./app/javascript/channels/index.js] 211 bytes {application} [built]
[./app/javascript/packs/application.js] 493 bytes {application} [built]
    + 3 hidden modules

  Rendered layout layouts/application.html.erb (Duration: 1634.9ms | Allocations: 19083)
Completed 200 OK in 1637ms (Views: 1635.9ms | ActiveRecord: 0.6ms | Allocations: 20793)


Started GET "/" for ::1 at 2023-03-03 13:39:20 +0530
Processing by ArticlesController#index as HTML
  Rendering layout layouts/application.html.erb
  Rendering articles/index.html.erb within layouts/application
  [1m[36mArticle Load (0.1ms)[0m  [1m[34mSELECT "articles".* FROM "articles"[0m
  ↳ app/views/articles/index.html.erb:4
  Rendered articles/index.html.erb within layouts/application (Duration: 1.7ms | Allocations: 836)
[Webpacker] Everything's up-to-date. Nothing to do
  Rendered layout layouts/application.html.erb (Duration: 5.8ms | Allocations: 3990)
Completed 200 OK in 8ms (Views: 7.3ms | ActiveRecord: 0.1ms | Allocations: 5259)


Started GET "/" for ::1 at 2023-03-03 13:44:04 +0530
Processing by ArticlesController#index as HTML
  Rendering layout layouts/application.html.erb
  Rendering articles/index.html.erb within layouts/application
  [1m[35m (0.0ms)[0m  [1m[34mSELECT sqlite_version(*)[0m
  ↳ app/views/articles/index.html.erb:4
  [1m[36mArticle Load (0.1ms)[0m  [1m[34mSELECT "articles".* FROM "articles"[0m
  ↳ app/views/articles/index.html.erb:4
  Rendered articles/index.html.erb within layouts/application (Duration: 5.3ms | Allocations: 4466)
[Webpacker] Everything's up-to-date. Nothing to do
  Rendered layout layouts/application.html.erb (Duration: 8.3ms | Allocations: 7579)
Completed 200 OK in 11ms (Views: 9.2ms | ActiveRecord: 0.6ms | Allocations: 9453)


Started GET "/articles/1" for ::1 at 2023-03-03 13:44:05 +0530
Processing by ArticlesController#show as HTML
  Parameters: {"id"=>"1"}
  [1m[36mArticle Load (0.1ms)[0m  [1m[34mSELECT "articles".* FROM "articles" WHERE "articles"."id" = ? LIMIT ?[0m  [["id", 1], ["LIMIT", 1]]
  ↳ app/controllers/articles_controller.rb:7:in `show'
  Rendering layout layouts/application.html.erb
  Rendering articles/show.html.erb within layouts/application
  Rendered articles/show.html.erb within layouts/application (Duration: 0.7ms | Allocations: 320)
[Webpacker] Everything's up-to-date. Nothing to do
  Rendered layout layouts/application.html.erb (Duration: 4.5ms | Allocations: 3350)
Completed 200 OK in 9ms (Views: 5.0ms | ActiveRecord: 0.1ms | Allocations: 5508)


Started DELETE "/articles/1" for ::1 at 2023-03-03 13:44:08 +0530
Processing by ArticlesController#destroy as HTML
  Parameters: {"authenticity_token"=>"[FILTERED]", "id"=>"1"}
  [1m[36mArticle Load (0.1ms)[0m  [1m[34mSELECT "articles".* FROM "articles" WHERE "articles"."id" = ? LIMIT ?[0m  [["id", 1], ["LIMIT", 1]]
  ↳ app/controllers/articles_controller.rb:39:in `destroy'
  [1m[36mTRANSACTION (0.0ms)[0m  [1m[36mbegin transaction[0m
  ↳ app/controllers/articles_controller.rb:40:in `destroy'
  [1m[36mArticle Destroy (0.1ms)[0m  [1m[31mDELETE FROM "articles" WHERE "articles"."id" = ?[0m  [["id", 1]]
  ↳ app/controllers/articles_controller.rb:40:in `destroy'
  [1m[36mTRANSACTION (77.1ms)[0m  [1m[36mcommit transaction[0m
  ↳ app/controllers/articles_controller.rb:40:in `destroy'
Redirected to http://localhost:3000/
Completed 302 Found in 82ms (ActiveRecord: 77.4ms | Allocations: 4816)


Started GET "/" for ::1 at 2023-03-03 13:44:08 +0530
Processing by ArticlesController#index as HTML
  Rendering layout layouts/application.html.erb
  Rendering articles/index.html.erb within layouts/application
  [1m[36mArticle Load (0.1ms)[0m  [1m[34mSELECT "articles".* FROM "articles"[0m
  ↳ app/views/articles/index.html.erb:4
  Rendered articles/index.html.erb within layouts/application (Duration: 1.2ms | Allocations: 759)
[Webpacker] Everything's up-to-date. Nothing to do
  Rendered layout layouts/application.html.erb (Duration: 4.1ms | Allocations: 3675)
Completed 200 OK in 5ms (Views: 4.3ms | ActiveRecord: 0.1ms | Allocations: 4126)


Started GET "/articles/1" for ::1 at 2023-03-03 13:44:10 +0530
Processing by ArticlesController#show as HTML
  Parameters: {"id"=>"1"}
  [1m[36mArticle Load (0.1ms)[0m  [1m[34mSELECT "articles".* FROM "articles" WHERE "articles"."id" = ? LIMIT ?[0m  [["id", 1], ["LIMIT", 1]]
  ↳ app/controllers/articles_controller.rb:7:in `show'
Completed 404 Not Found in 1ms (ActiveRecord: 0.1ms | Allocations: 1113)


  
ActiveRecord::RecordNotFound (Couldn't find Article with 'id'=1):
  
app/controllers/articles_controller.rb:7:in `show'
Started GET "/" for ::1 at 2023-03-03 13:44:12 +0530
Processing by ArticlesController#index as HTML
  Rendering layout layouts/application.html.erb
  Rendering articles/index.html.erb within layouts/application
  [1m[36mArticle Load (0.1ms)[0m  [1m[34mSELECT "articles".* FROM "articles"[0m
  ↳ app/views/articles/index.html.erb:4
  Rendered articles/index.html.erb within layouts/application (Duration: 1.0ms | Allocations: 764)
[Webpacker] Everything's up-to-date. Nothing to do
  Rendered layout layouts/application.html.erb (Duration: 3.6ms | Allocations: 3690)
Completed 200 OK in 4ms (Views: 3.8ms | ActiveRecord: 0.1ms | Allocations: 4153)


Started GET "/articles/new" for ::1 at 2023-03-03 13:44:20 +0530
Processing by ArticlesController#new as HTML
  Rendering layout layouts/application.html.erb
  Rendering articles/new.html.erb within layouts/application
  Rendered articles/_form.html.erb (Duration: 117.7ms | Allocations: 5574)
  Rendered articles/new.html.erb within layouts/application (Duration: 118.6ms | Allocations: 5889)
[Webpacker] Everything's up-to-date. Nothing to do
  Rendered layout layouts/application.html.erb (Duration: 129.9ms | Allocations: 8793)
Completed 200 OK in 131ms (Views: 130.5ms | ActiveRecord: 0.0ms | Allocations: 9402)


Started POST "/articles" for ::1 at 2023-03-03 13:44:30 +0530
Processing by ArticlesController#create as HTML
  Parameters: {"authenticity_token"=>"[FILTERED]", "article"=>{"title"=>"Hi", "body"=>"Sumit this side."}, "commit"=>"Create Article"}
  [1m[36mTRANSACTION (0.1ms)[0m  [1m[36mbegin transaction[0m
  ↳ app/controllers/articles_controller.rb:17:in `create'
  [1m[36mArticle Create (1.6ms)[0m  [1m[32mINSERT INTO "articles" ("title", "body", "created_at", "updated_at") VALUES (?, ?, ?, ?)[0m  [["title", "Hi"], ["body", "Sumit this side."], ["created_at", "2023-03-03 08:14:30.468464"], ["updated_at", "2023-03-03 08:14:30.468464"]]
  ↳ app/controllers/articles_controller.rb:17:in `create'
  [1m[36mTRANSACTION (166.6ms)[0m  [1m[36mcommit transaction[0m
  ↳ app/controllers/articles_controller.rb:17:in `create'
Redirected to http://localhost:3000/articles/3
Completed 302 Found in 182ms (ActiveRecord: 168.3ms | Allocations: 5125)


Started GET "/articles/3" for ::1 at 2023-03-03 13:44:30 +0530
Processing by ArticlesController#show as HTML
  Parameters: {"id"=>"3"}
  [1m[36mArticle Load (0.3ms)[0m  [1m[34mSELECT "articles".* FROM "articles" WHERE "articles"."id" = ? LIMIT ?[0m  [["id", 3], ["LIMIT", 1]]
  ↳ app/controllers/articles_controller.rb:7:in `show'
  Rendering layout layouts/application.html.erb
  Rendering articles/show.html.erb within layouts/application
  Rendered articles/show.html.erb within layouts/application (Duration: 0.8ms | Allocations: 149)
[Webpacker] Everything's up-to-date. Nothing to do
  Rendered layout layouts/application.html.erb (Duration: 13.1ms | Allocations: 3068)
Completed 200 OK in 19ms (Views: 14.3ms | ActiveRecord: 0.3ms | Allocations: 4053)


Started DELETE "/articles/3" for ::1 at 2023-03-03 13:44:35 +0530
Processing by ArticlesController#destroy as HTML
  Parameters: {"authenticity_token"=>"[FILTERED]", "id"=>"3"}
  [1m[36mArticle Load (0.1ms)[0m  [1m[34mSELECT "articles".* FROM "articles" WHERE "articles"."id" = ? LIMIT ?[0m  [["id", 3], ["LIMIT", 1]]
  ↳ app/controllers/articles_controller.rb:39:in `destroy'
  [1m[36mTRANSACTION (0.0ms)[0m  [1m[36mbegin transaction[0m
  ↳ app/controllers/articles_controller.rb:40:in `destroy'
  [1m[36mArticle Destroy (0.1ms)[0m  [1m[31mDELETE FROM "articles" WHERE "articles"."id" = ?[0m  [["id", 3]]
  ↳ app/controllers/articles_controller.rb:40:in `destroy'
  [1m[36mTRANSACTION (84.0ms)[0m  [1m[36mcommit transaction[0m
  ↳ app/controllers/articles_controller.rb:40:in `destroy'
Redirected to http://localhost:3000/
Completed 302 Found in 95ms (ActiveRecord: 84.2ms | Allocations: 4571)


Started GET "/" for ::1 at 2023-03-03 13:44:35 +0530
Processing by ArticlesController#index as HTML
  Rendering layout layouts/application.html.erb
  Rendering articles/index.html.erb within layouts/application
  [1m[36mArticle Load (0.2ms)[0m  [1m[34mSELECT "articles".* FROM "articles"[0m
  ↳ app/views/articles/index.html.erb:4
  Rendered articles/index.html.erb within layouts/application (Duration: 5.3ms | Allocations: 759)
[Webpacker] Everything's up-to-date. Nothing to do
  Rendered layout layouts/application.html.erb (Duration: 23.9ms | Allocations: 3676)
Completed 200 OK in 27ms (Views: 24.7ms | ActiveRecord: 0.2ms | Allocations: 4128)


Started GET "/articles/2" for ::1 at 2023-03-03 13:44:59 +0530
Processing by ArticlesController#show as HTML
  Parameters: {"id"=>"2"}
  [1m[36mArticle Load (0.1ms)[0m  [1m[34mSELECT "articles".* FROM "articles" WHERE "articles"."id" = ? LIMIT ?[0m  [["id", 2], ["LIMIT", 1]]
  ↳ app/controllers/articles_controller.rb:7:in `show'
  Rendering layout layouts/application.html.erb
  Rendering articles/show.html.erb within layouts/application
  Rendered articles/show.html.erb within layouts/application (Duration: 0.2ms | Allocations: 150)
[Webpacker] Everything's up-to-date. Nothing to do
  Rendered layout layouts/application.html.erb (Duration: 2.8ms | Allocations: 3066)
Completed 200 OK in 5ms (Views: 3.1ms | ActiveRecord: 0.1ms | Allocations: 4048)


Started GET "/articles/2/edit" for ::1 at 2023-03-03 13:45:00 +0530
Processing by ArticlesController#edit as HTML
  Parameters: {"id"=>"2"}
  [1m[36mArticle Load (0.1ms)[0m  [1m[34mSELECT "articles".* FROM "articles" WHERE "articles"."id" = ? LIMIT ?[0m  [["id", 2], ["LIMIT", 1]]
  ↳ app/controllers/articles_controller.rb:25:in `edit'
  Rendering layout layouts/application.html.erb
  Rendering articles/edit.html.erb within layouts/application
  Rendered articles/_form.html.erb (Duration: 1.3ms | Allocations: 961)
  Rendered articles/edit.html.erb within layouts/application (Duration: 2.5ms | Allocations: 1548)
[Webpacker] Everything's up-to-date. Nothing to do
  Rendered layout layouts/application.html.erb (Duration: 6.6ms | Allocations: 4585)
Completed 200 OK in 10ms (Views: 7.2ms | ActiveRecord: 0.1ms | Allocations: 5733)


Started PATCH "/articles/2" for ::1 at 2023-03-03 13:45:11 +0530
Processing by ArticlesController#update as HTML
  Parameters: {"authenticity_token"=>"[FILTERED]", "article"=>{"title"=>"Hello Folks", "body"=>"Keep learning and never give up. Keep hustling."}, "commit"=>"Update Article", "id"=>"2"}
  [1m[36mArticle Load (0.1ms)[0m  [1m[34mSELECT "articles".* FROM "articles" WHERE "articles"."id" = ? LIMIT ?[0m  [["id", 2], ["LIMIT", 1]]
  ↳ app/controllers/articles_controller.rb:29:in `update'
  [1m[36mTRANSACTION (0.0ms)[0m  [1m[36mbegin transaction[0m
  ↳ app/controllers/articles_controller.rb:31:in `update'
  [1m[36mArticle Update (0.2ms)[0m  [1m[33mUPDATE "articles" SET "body" = ?, "updated_at" = ? WHERE "articles"."id" = ?[0m  [["body", "Keep learning and never give up. Keep hustling."], ["updated_at", "2023-03-03 08:15:11.816435"], ["id", 2]]
  ↳ app/controllers/articles_controller.rb:31:in `update'
  [1m[36mTRANSACTION (84.2ms)[0m  [1m[36mcommit transaction[0m
  ↳ app/controllers/articles_controller.rb:31:in `update'
Redirected to http://localhost:3000/articles/2
Completed 302 Found in 97ms (ActiveRecord: 84.5ms | Allocations: 5152)


Started GET "/articles/2" for ::1 at 2023-03-03 13:45:11 +0530
Processing by ArticlesController#show as HTML
  Parameters: {"id"=>"2"}
  [1m[36mArticle Load (0.3ms)[0m  [1m[34mSELECT "articles".* FROM "articles" WHERE "articles"."id" = ? LIMIT ?[0m  [["id", 2], ["LIMIT", 1]]
  ↳ app/controllers/articles_controller.rb:7:in `show'
  Rendering layout layouts/application.html.erb
  Rendering articles/show.html.erb within layouts/application
  Rendered articles/show.html.erb within layouts/application (Duration: 0.8ms | Allocations: 150)
[Webpacker] Everything's up-to-date. Nothing to do
  Rendered layout layouts/application.html.erb (Duration: 13.4ms | Allocations: 3066)
Completed 200 OK in 20ms (Views: 14.6ms | ActiveRecord: 0.3ms | Allocations: 4046)


Started GET "/articles/2" for ::1 at 2023-03-03 13:46:32 +0530
Processing by ArticlesController#show as HTML
  Parameters: {"id"=>"2"}
  [1m[36mArticle Load (0.1ms)[0m  [1m[34mSELECT "articles".* FROM "articles" WHERE "articles"."id" = ? LIMIT ?[0m  [["id", 2], ["LIMIT", 1]]
  ↳ app/controllers/articles_controller.rb:7:in `show'
  Rendering layout layouts/application.html.erb
  Rendering articles/show.html.erb within layouts/application
  Rendered articles/show.html.erb within layouts/application (Duration: 0.6ms | Allocations: 309)
[Webpacker] Everything's up-to-date. Nothing to do
  Rendered layout layouts/application.html.erb (Duration: 3.1ms | Allocations: 3459)
Completed 200 OK in 6ms (Views: 4.0ms | ActiveRecord: 0.1ms | Allocations: 5234)


Started GET "/articles/2/edit" for ::1 at 2023-03-03 13:46:33 +0530
Processing by ArticlesController#edit as HTML
  Parameters: {"id"=>"2"}
  [1m[36mArticle Load (0.1ms)[0m  [1m[34mSELECT "articles".* FROM "articles" WHERE "articles"."id" = ? LIMIT ?[0m  [["id", 2], ["LIMIT", 1]]
  ↳ app/controllers/articles_controller.rb:25:in `edit'
  Rendering layout layouts/application.html.erb
  Rendering articles/edit.html.erb within layouts/application
  Rendered articles/_formEdit.html.erb (Duration: 1.4ms | Allocations: 1131)
  Rendered articles/edit.html.erb within layouts/application (Duration: 1.9ms | Allocations: 1448)
[Webpacker] Everything's up-to-date. Nothing to do
  Rendered layout layouts/application.html.erb (Duration: 4.4ms | Allocations: 4353)
Completed 200 OK in 6ms (Views: 4.7ms | ActiveRecord: 0.1ms | Allocations: 5484)


Started PATCH "/articles/2" for ::1 at 2023-03-03 13:46:44 +0530
Processing by ArticlesController#update as HTML
  Parameters: {"authenticity_token"=>"[FILTERED]", "article"=>{"title"=>"Hello Folks", "body"=>"Keep learning. Keep hustling."}, "commit"=>"upadte haahahaha", "id"=>"2"}
  [1m[36mArticle Load (0.1ms)[0m  [1m[34mSELECT "articles".* FROM "articles" WHERE "articles"."id" = ? LIMIT ?[0m  [["id", 2], ["LIMIT", 1]]
  ↳ app/controllers/articles_controller.rb:29:in `update'
  [1m[36mTRANSACTION (0.1ms)[0m  [1m[36mbegin transaction[0m
  ↳ app/controllers/articles_controller.rb:31:in `update'
  [1m[36mArticle Update (0.2ms)[0m  [1m[33mUPDATE "articles" SET "body" = ?, "updated_at" = ? WHERE "articles"."id" = ?[0m  [["body", "Keep learning. Keep hustling."], ["updated_at", "2023-03-03 08:16:44.619111"], ["id", 2]]
  ↳ app/controllers/articles_controller.rb:31:in `update'
  [1m[36mTRANSACTION (111.5ms)[0m  [1m[36mcommit transaction[0m
  ↳ app/controllers/articles_controller.rb:31:in `update'
Redirected to http://localhost:3000/articles/2
Completed 302 Found in 122ms (ActiveRecord: 111.8ms | Allocations: 5330)


Started GET "/articles/2" for ::1 at 2023-03-03 13:46:44 +0530
Processing by ArticlesController#show as HTML
  Parameters: {"id"=>"2"}
  [1m[36mArticle Load (0.2ms)[0m  [1m[34mSELECT "articles".* FROM "articles" WHERE "articles"."id" = ? LIMIT ?[0m  [["id", 2], ["LIMIT", 1]]
  ↳ app/controllers/articles_controller.rb:7:in `show'
  Rendering layout layouts/application.html.erb
  Rendering articles/show.html.erb within layouts/application
  Rendered articles/show.html.erb within layouts/application (Duration: 0.8ms | Allocations: 150)
[Webpacker] Everything's up-to-date. Nothing to do
  Rendered layout layouts/application.html.erb (Duration: 12.3ms | Allocations: 3067)
Completed 200 OK in 18ms (Views: 13.4ms | ActiveRecord: 0.2ms | Allocations: 4047)


Started GET "/" for ::1 at 2023-03-03 13:46:59 +0530
Processing by ArticlesController#index as HTML
  Rendering layout layouts/application.html.erb
  Rendering articles/index.html.erb within layouts/application
  [1m[36mArticle Load (0.1ms)[0m  [1m[34mSELECT "articles".* FROM "articles"[0m
  ↳ app/views/articles/index.html.erb:4
  Rendered articles/index.html.erb within layouts/application (Duration: 2.2ms | Allocations: 910)
[Webpacker] Everything's up-to-date. Nothing to do
  Rendered layout layouts/application.html.erb (Duration: 5.2ms | Allocations: 3826)
Completed 200 OK in 6ms (Views: 5.6ms | ActiveRecord: 0.1ms | Allocations: 4408)


Started GET "/articles/new" for ::1 at 2023-03-03 13:47:01 +0530
Processing by ArticlesController#new as HTML
  Rendering layout layouts/application.html.erb
  Rendering articles/new.html.erb within layouts/application
  Rendered articles/_form.html.erb (Duration: 1.8ms | Allocations: 1144)
  Rendered articles/new.html.erb within layouts/application (Duration: 2.6ms | Allocations: 1491)
[Webpacker] Everything's up-to-date. Nothing to do
  Rendered layout layouts/application.html.erb (Duration: 7.4ms | Allocations: 4922)
Completed 200 OK in 9ms (Views: 7.8ms | ActiveRecord: 0.0ms | Allocations: 5508)


Started GET "/" for ::1 at 2023-03-03 13:47:13 +0530
Processing by ArticlesController#index as HTML
  Rendering layout layouts/application.html.erb
  Rendering articles/index.html.erb within layouts/application
  [1m[36mArticle Load (0.1ms)[0m  [1m[34mSELECT "articles".* FROM "articles"[0m
  ↳ app/views/articles/index.html.erb:4
  Rendered articles/index.html.erb within layouts/application (Duration: 3.1ms | Allocations: 931)
[Webpacker] Everything's up-to-date. Nothing to do
  Rendered layout layouts/application.html.erb (Duration: 6.2ms | Allocations: 4091)
Completed 200 OK in 8ms (Views: 7.1ms | ActiveRecord: 0.1ms | Allocations: 5330)


Started GET "/articles/2" for ::1 at 2023-03-03 13:47:15 +0530
Processing by ArticlesController#show as HTML
  Parameters: {"id"=>"2"}
  [1m[36mArticle Load (0.2ms)[0m  [1m[34mSELECT "articles".* FROM "articles" WHERE "articles"."id" = ? LIMIT ?[0m  [["id", 2], ["LIMIT", 1]]
  ↳ app/controllers/articles_controller.rb:7:in `show'
  Rendering layout layouts/application.html.erb
  Rendering articles/show.html.erb within layouts/application
  Rendered articles/show.html.erb within layouts/application (Duration: 0.4ms | Allocations: 288)
[Webpacker] Everything's up-to-date. Nothing to do
  Rendered layout layouts/application.html.erb (Duration: 2.9ms | Allocations: 3204)
Completed 200 OK in 6ms (Views: 3.2ms | ActiveRecord: 0.2ms | Allocations: 4319)


Started GET "/" for ::1 at 2023-03-03 13:47:57 +0530
Processing by ArticlesController#index as HTML
  Rendering layout layouts/application.html.erb
  Rendering articles/index.html.erb within layouts/application
  [1m[36mArticle Load (0.1ms)[0m  [1m[34mSELECT "articles".* FROM "articles"[0m
  ↳ app/views/articles/index.html.erb:4
  Rendered articles/index.html.erb within layouts/application (Duration: 1.5ms | Allocations: 759)
[Webpacker] Everything's up-to-date. Nothing to do
  Rendered layout layouts/application.html.erb (Duration: 7.5ms | Allocations: 7788)
Completed 200 OK in 9ms (Views: 7.7ms | ActiveRecord: 0.1ms | Allocations: 8239)


Started GET "/articles/2" for ::1 at 2023-03-03 13:48:03 +0530
Processing by ArticlesController#show as HTML
  Parameters: {"id"=>"2"}
  [1m[36mArticle Load (0.1ms)[0m  [1m[34mSELECT "articles".* FROM "articles" WHERE "articles"."id" = ? LIMIT ?[0m  [["id", 2], ["LIMIT", 1]]
  ↳ app/controllers/articles_controller.rb:7:in `show'
  Rendering layout layouts/application.html.erb
  Rendering articles/show.html.erb within layouts/application
  Rendered articles/show.html.erb within layouts/application (Duration: 0.2ms | Allocations: 150)
[Webpacker] Everything's up-to-date. Nothing to do
  Rendered layout layouts/application.html.erb (Duration: 3.8ms | Allocations: 3226)
Completed 200 OK in 8ms (Views: 5.2ms | ActiveRecord: 0.1ms | Allocations: 4611)


Started GET "/" for 127.0.0.1 at 2023-03-03 13:48:23 +0530
Processing by ArticlesController#index as HTML
  Rendering layout layouts/application.html.erb
  Rendering articles/index.html.erb within layouts/application
  [1m[36mArticle Load (0.1ms)[0m  [1m[34mSELECT "articles".* FROM "articles"[0m
  ↳ app/views/articles/index.html.erb:4
  Rendered articles/index.html.erb within layouts/application (Duration: 1.2ms | Allocations: 759)
[Webpacker] Everything's up-to-date. Nothing to do
  Rendered layout layouts/application.html.erb (Duration: 3.6ms | Allocations: 3688)
Completed 200 OK in 4ms (Views: 3.9ms | ActiveRecord: 0.1ms | Allocations: 4087)


Started GET "/articles/2" for ::1 at 2023-03-03 13:54:08 +0530
  [1m[35m (0.2ms)[0m  [1m[34mSELECT sqlite_version(*)[0m
  [1m[35m (0.1ms)[0m  [1m[34mSELECT "schema_migrations"."version" FROM "schema_migrations" ORDER BY "schema_migrations"."version" ASC[0m
Processing by ArticlesController#show as HTML
  Parameters: {"id"=>"2"}
  [1m[36mArticle Load (0.1ms)[0m  [1m[34mSELECT "articles".* FROM "articles" WHERE "articles"."id" = ? LIMIT ?[0m  [["id", 2], ["LIMIT", 1]]
  ↳ app/controllers/articles_controller.rb:7:in `show'
  Rendering layout layouts/application.html.erb
  Rendering articles/show.html.erb within layouts/application
  Rendered articles/show.html.erb within layouts/application (Duration: 0.7ms | Allocations: 599)
[Webpacker] Everything's up-to-date. Nothing to do
  Rendered layout layouts/application.html.erb (Duration: 17.8ms | Allocations: 18467)
Completed 200 OK in 29ms (Views: 19.1ms | ActiveRecord: 0.3ms | Allocations: 26556)


  [1m[35m (0.2ms)[0m  [1m[34mSELECT sqlite_version(*)[0m
  [1m[35m (0.1ms)[0m  [1m[34mSELECT "schema_migrations"."version" FROM "schema_migrations" ORDER BY "schema_migrations"."version" ASC[0m
Migrating to CreateComments (20230303083524)
  [1m[36mTRANSACTION (0.0ms)[0m  [1m[36mbegin transaction[0m
  [1m[35m (0.2ms)[0m  [1m[35mCREATE TABLE "comments" ("id" integer PRIMARY KEY AUTOINCREMENT NOT NULL, "commenter" varchar, "body" text, "article_id" integer NOT NULL, "created_at" datetime(6) NOT NULL, "updated_at" datetime(6) NOT NULL, CONSTRAINT "fk_rails_3bf61a60d3"
FOREIGN KEY ("article_id")
  REFERENCES "articles" ("id")
)[0m
  [1m[35m (0.1ms)[0m  [1m[35mCREATE INDEX "index_comments_on_article_id" ON "comments" ("article_id")[0m
  [1m[36mActiveRecord::SchemaMigration Create (0.1ms)[0m  [1m[32mINSERT INTO "schema_migrations" ("version") VALUES (?)[0m  [["version", "20230303083524"]]
  [1m[36mTRANSACTION (114.0ms)[0m  [1m[36mcommit transaction[0m
  [1m[36mActiveRecord::InternalMetadata Load (0.1ms)[0m  [1m[34mSELECT "ar_internal_metadata".* FROM "ar_internal_metadata" WHERE "ar_internal_metadata"."key" = ? LIMIT ?[0m  [["key", "environment"], ["LIMIT", 1]]
  [1m[35m (0.0ms)[0m  [1m[34mSELECT sqlite_version(*)[0m
  [1m[35m (0.1ms)[0m  [1m[34mSELECT "schema_migrations"."version" FROM "schema_migrations" ORDER BY "schema_migrations"."version" ASC[0m
Started GET "/articles/2" for ::1 at 2023-03-03 14:53:41 +0530
  [1m[35m (0.0ms)[0m  [1m[34mSELECT sqlite_version(*)[0m
  [1m[35m (0.1ms)[0m  [1m[34mSELECT "schema_migrations"."version" FROM "schema_migrations" ORDER BY "schema_migrations"."version" ASC[0m
Processing by ArticlesController#show as HTML
  Parameters: {"id"=>"2"}
  [1m[36mArticle Load (0.1ms)[0m  [1m[34mSELECT "articles".* FROM "articles" WHERE "articles"."id" = ? LIMIT ?[0m  [["id", 2], ["LIMIT", 1]]
  ↳ app/controllers/articles_controller.rb:7:in `show'
  Rendering layout layouts/application.html.erb
  Rendering articles/show.html.erb within layouts/application
  [1m[36mComment Load (0.1ms)[0m  [1m[34mSELECT "comments".* FROM "comments" WHERE "comments"."article_id" = ?[0m  [["article_id", 2]]
  ↳ app/views/articles/show.html.erb:13
  Rendered collection of templates [0 times] (Duration: 0.0ms | Allocations: 23)
  Rendered comments/_form.html.erb (Duration: 35.7ms | Allocations: 7851)
  Rendered articles/show.html.erb within layouts/application (Duration: 47.8ms | Allocations: 15530)
[Webpacker] Everything's up-to-date. Nothing to do
  Rendered layout layouts/application.html.erb (Duration: 50.7ms | Allocations: 18630)
Completed 200 OK in 79ms (Views: 51.0ms | ActiveRecord: 0.5ms | Allocations: 24583)


Started POST "/articles/2/comments" for ::1 at 2023-03-03 14:53:47 +0530
Processing by CommentsController#create as HTML
  Parameters: {"authenticity_token"=>"[FILTERED]", "comment"=>{"commenter"=>"Sumit", "body"=>"sgeggsg", "status"=>"public"}, "commit"=>"Create Comment", "article_id"=>"2"}
  [1m[36mArticle Load (0.1ms)[0m  [1m[34mSELECT "articles".* FROM "articles" WHERE "articles"."id" = ? LIMIT ?[0m  [["id", 2], ["LIMIT", 1]]
  ↳ app/controllers/comments_controller.rb:3:in `create'
[31mUnpermitted parameter: :status[0m
Completed 500 Internal Server Error in 6ms (ActiveRecord: 0.1ms | Allocations: 4984)


  
NoMethodError (undefined method `status' for #<Comment id: nil, commenter: "Sumit", body: "sgeggsg", article_id: 2, created_at: nil, updated_at: nil>):
  
app/controllers/comments_controller.rb:4:in `create'
Started POST "/articles/2/comments" for ::1 at 2023-03-03 14:54:40 +0530
  [1m[35m (0.1ms)[0m  [1m[34mSELECT "schema_migrations"."version" FROM "schema_migrations" ORDER BY "schema_migrations"."version" ASC[0m
  [1m[35mCACHE  (0.0ms)[0m  [1m[34mSELECT "schema_migrations"."version" FROM "schema_migrations" ORDER BY "schema_migrations"."version" ASC[0m
  
ActiveRecord::PendingMigrationError (

Migrations are pending. To resolve this issue, run:

        bin/rails db:migrate RAILS_ENV=development

You have 2 pending migrations:

20230303092435_add_status_to_articles.rb
20230303092436_add_status_to_comments.rb


):
  
activerecord (6.1.7.2) lib/active_record/migration.rb:625:in `check_pending!'
activerecord (6.1.7.2) lib/active_record/migration.rb:590:in `block (2 levels) in call'
activesupport (6.1.7.2) lib/active_support/evented_file_update_checker.rb:59:in `execute'
activesupport (6.1.7.2) lib/active_support/evented_file_update_checker.rb:65:in `execute_if_updated'
activerecord (6.1.7.2) lib/active_record/migration.rb:597:in `block in call'
activerecord (6.1.7.2) lib/active_record/migration.rb:587:in `synchronize'
activerecord (6.1.7.2) lib/active_record/migration.rb:587:in `call'
actionpack (6.1.7.2) lib/action_dispatch/middleware/callbacks.rb:27:in `block in call'
activesupport (6.1.7.2) lib/active_support/callbacks.rb:98:in `run_callbacks'
actionpack (6.1.7.2) lib/action_dispatch/middleware/callbacks.rb:26:in `call'
actionpack (6.1.7.2) lib/action_dispatch/middleware/executor.rb:14:in `call'
actionpack (6.1.7.2) lib/action_dispatch/middleware/actionable_exceptions.rb:18:in `call'
actionpack (6.1.7.2) lib/action_dispatch/middleware/debug_exceptions.rb:29:in `call'
web-console (4.2.0) lib/web_console/middleware.rb:132:in `call_app'
web-console (4.2.0) lib/web_console/middleware.rb:28:in `block in call'
web-console (4.2.0) lib/web_console/middleware.rb:17:in `catch'
web-console (4.2.0) lib/web_console/middleware.rb:17:in `call'
actionpack (6.1.7.2) lib/action_dispatch/middleware/show_exceptions.rb:33:in `call'
railties (6.1.7.2) lib/rails/rack/logger.rb:37:in `call_app'
railties (6.1.7.2) lib/rails/rack/logger.rb:26:in `block in call'
activesupport (6.1.7.2) lib/active_support/tagged_logging.rb:99:in `block in tagged'
activesupport (6.1.7.2) lib/active_support/tagged_logging.rb:37:in `tagged'
activesupport (6.1.7.2) lib/active_support/tagged_logging.rb:99:in `tagged'
railties (6.1.7.2) lib/rails/rack/logger.rb:26:in `call'
sprockets-rails (3.4.2) lib/sprockets/rails/quiet_assets.rb:13:in `call'
actionpack (6.1.7.2) lib/action_dispatch/middleware/remote_ip.rb:81:in `call'
actionpack (6.1.7.2) lib/action_dispatch/middleware/request_id.rb:26:in `call'
rack (2.2.6.3) lib/rack/method_override.rb:24:in `call'
rack (2.2.6.3) lib/rack/runtime.rb:22:in `call'
activesupport (6.1.7.2) lib/active_support/cache/strategy/local_cache_middleware.rb:29:in `call'
actionpack (6.1.7.2) lib/action_dispatch/middleware/executor.rb:14:in `call'
actionpack (6.1.7.2) lib/action_dispatch/middleware/static.rb:24:in `call'
rack (2.2.6.3) lib/rack/sendfile.rb:110:in `call'
actionpack (6.1.7.2) lib/action_dispatch/middleware/host_authorization.rb:148:in `call'
rack-mini-profiler (2.3.4) lib/mini_profiler/profiler.rb:393:in `call'
webpacker (5.4.4) lib/webpacker/dev_server_proxy.rb:25:in `perform_request'
rack-proxy (0.7.6) lib/rack/proxy.rb:87:in `call'
railties (6.1.7.2) lib/rails/engine.rb:539:in `call'
puma (5.6.5) lib/puma/configuration.rb:252:in `call'
puma (5.6.5) lib/puma/request.rb:77:in `block in handle_request'
puma (5.6.5) lib/puma/thread_pool.rb:340:in `with_force_shutdown'
puma (5.6.5) lib/puma/request.rb:76:in `handle_request'
puma (5.6.5) lib/puma/server.rb:443:in `process_client'
puma (5.6.5) lib/puma/thread_pool.rb:147:in `block in spawn_thread'
Started POST "/articles/2/comments" for ::1 at 2023-03-03 14:55:28 +0530
  [1m[35m (0.0ms)[0m  [1m[34mSELECT sqlite_version(*)[0m
  [1m[35m (0.1ms)[0m  [1m[34mSELECT "schema_migrations"."version" FROM "schema_migrations" ORDER BY "schema_migrations"."version" ASC[0m
  [1m[35mCACHE  (0.0ms)[0m  [1m[34mSELECT "schema_migrations"."version" FROM "schema_migrations" ORDER BY "schema_migrations"."version" ASC[0m
  
ActiveRecord::PendingMigrationError (

Migrations are pending. To resolve this issue, run:

        bin/rails db:migrate RAILS_ENV=development

You have 2 pending migrations:

20230303092435_add_status_to_articles.rb
20230303092436_add_status_to_comments.rb


):
  
activerecord (6.1.7.2) lib/active_record/migration.rb:625:in `check_pending!'
activerecord (6.1.7.2) lib/active_record/migration.rb:590:in `block (2 levels) in call'
activesupport (6.1.7.2) lib/active_support/evented_file_update_checker.rb:59:in `execute'
activerecord (6.1.7.2) lib/active_record/migration.rb:595:in `block in call'
activerecord (6.1.7.2) lib/active_record/migration.rb:587:in `synchronize'
activerecord (6.1.7.2) lib/active_record/migration.rb:587:in `call'
actionpack (6.1.7.2) lib/action_dispatch/middleware/callbacks.rb:27:in `block in call'
activesupport (6.1.7.2) lib/active_support/callbacks.rb:98:in `run_callbacks'
actionpack (6.1.7.2) lib/action_dispatch/middleware/callbacks.rb:26:in `call'
actionpack (6.1.7.2) lib/action_dispatch/middleware/executor.rb:14:in `call'
actionpack (6.1.7.2) lib/action_dispatch/middleware/actionable_exceptions.rb:18:in `call'
actionpack (6.1.7.2) lib/action_dispatch/middleware/debug_exceptions.rb:29:in `call'
web-console (4.2.0) lib/web_console/middleware.rb:132:in `call_app'
web-console (4.2.0) lib/web_console/middleware.rb:28:in `block in call'
web-console (4.2.0) lib/web_console/middleware.rb:17:in `catch'
web-console (4.2.0) lib/web_console/middleware.rb:17:in `call'
actionpack (6.1.7.2) lib/action_dispatch/middleware/show_exceptions.rb:33:in `call'
railties (6.1.7.2) lib/rails/rack/logger.rb:37:in `call_app'
railties (6.1.7.2) lib/rails/rack/logger.rb:26:in `block in call'
activesupport (6.1.7.2) lib/active_support/tagged_logging.rb:99:in `block in tagged'
activesupport (6.1.7.2) lib/active_support/tagged_logging.rb:37:in `tagged'
activesupport (6.1.7.2) lib/active_support/tagged_logging.rb:99:in `tagged'
railties (6.1.7.2) lib/rails/rack/logger.rb:26:in `call'
sprockets-rails (3.4.2) lib/sprockets/rails/quiet_assets.rb:13:in `call'
actionpack (6.1.7.2) lib/action_dispatch/middleware/remote_ip.rb:81:in `call'
actionpack (6.1.7.2) lib/action_dispatch/middleware/request_id.rb:26:in `call'
rack (2.2.6.3) lib/rack/method_override.rb:24:in `call'
rack (2.2.6.3) lib/rack/runtime.rb:22:in `call'
activesupport (6.1.7.2) lib/active_support/cache/strategy/local_cache_middleware.rb:29:in `call'
actionpack (6.1.7.2) lib/action_dispatch/middleware/executor.rb:14:in `call'
actionpack (6.1.7.2) lib/action_dispatch/middleware/static.rb:24:in `call'
rack (2.2.6.3) lib/rack/sendfile.rb:110:in `call'
actionpack (6.1.7.2) lib/action_dispatch/middleware/host_authorization.rb:148:in `call'
rack-mini-profiler (2.3.4) lib/mini_profiler/profiler.rb:393:in `call'
webpacker (5.4.4) lib/webpacker/dev_server_proxy.rb:25:in `perform_request'
rack-proxy (0.7.6) lib/rack/proxy.rb:87:in `call'
railties (6.1.7.2) lib/rails/engine.rb:539:in `call'
puma (5.6.5) lib/puma/configuration.rb:252:in `call'
puma (5.6.5) lib/puma/request.rb:77:in `block in handle_request'
puma (5.6.5) lib/puma/thread_pool.rb:340:in `with_force_shutdown'
puma (5.6.5) lib/puma/request.rb:76:in `handle_request'
puma (5.6.5) lib/puma/server.rb:443:in `process_client'
puma (5.6.5) lib/puma/thread_pool.rb:147:in `block in spawn_thread'
Started GET "/articles/2" for ::1 at 2023-03-03 14:55:30 +0530
  [1m[35m (0.1ms)[0m  [1m[34mSELECT "schema_migrations"."version" FROM "schema_migrations" ORDER BY "schema_migrations"."version" ASC[0m
  [1m[35mCACHE  (0.0ms)[0m  [1m[34mSELECT "schema_migrations"."version" FROM "schema_migrations" ORDER BY "schema_migrations"."version" ASC[0m
  
ActiveRecord::PendingMigrationError (

Migrations are pending. To resolve this issue, run:

        bin/rails db:migrate RAILS_ENV=development

You have 2 pending migrations:

20230303092435_add_status_to_articles.rb
20230303092436_add_status_to_comments.rb


):
  
activerecord (6.1.7.2) lib/active_record/migration.rb:625:in `check_pending!'
activerecord (6.1.7.2) lib/active_record/migration.rb:590:in `block (2 levels) in call'
activesupport (6.1.7.2) lib/active_support/evented_file_update_checker.rb:59:in `execute'
activerecord (6.1.7.2) lib/active_record/migration.rb:595:in `block in call'
activerecord (6.1.7.2) lib/active_record/migration.rb:587:in `synchronize'
activerecord (6.1.7.2) lib/active_record/migration.rb:587:in `call'
actionpack (6.1.7.2) lib/action_dispatch/middleware/callbacks.rb:27:in `block in call'
activesupport (6.1.7.2) lib/active_support/callbacks.rb:98:in `run_callbacks'
actionpack (6.1.7.2) lib/action_dispatch/middleware/callbacks.rb:26:in `call'
actionpack (6.1.7.2) lib/action_dispatch/middleware/executor.rb:14:in `call'
actionpack (6.1.7.2) lib/action_dispatch/middleware/actionable_exceptions.rb:18:in `call'
actionpack (6.1.7.2) lib/action_dispatch/middleware/debug_exceptions.rb:29:in `call'
web-console (4.2.0) lib/web_console/middleware.rb:132:in `call_app'
web-console (4.2.0) lib/web_console/middleware.rb:28:in `block in call'
web-console (4.2.0) lib/web_console/middleware.rb:17:in `catch'
web-console (4.2.0) lib/web_console/middleware.rb:17:in `call'
actionpack (6.1.7.2) lib/action_dispatch/middleware/show_exceptions.rb:33:in `call'
railties (6.1.7.2) lib/rails/rack/logger.rb:37:in `call_app'
railties (6.1.7.2) lib/rails/rack/logger.rb:26:in `block in call'
activesupport (6.1.7.2) lib/active_support/tagged_logging.rb:99:in `block in tagged'
activesupport (6.1.7.2) lib/active_support/tagged_logging.rb:37:in `tagged'
activesupport (6.1.7.2) lib/active_support/tagged_logging.rb:99:in `tagged'
railties (6.1.7.2) lib/rails/rack/logger.rb:26:in `call'
sprockets-rails (3.4.2) lib/sprockets/rails/quiet_assets.rb:13:in `call'
actionpack (6.1.7.2) lib/action_dispatch/middleware/remote_ip.rb:81:in `call'
actionpack (6.1.7.2) lib/action_dispatch/middleware/request_id.rb:26:in `call'
rack (2.2.6.3) lib/rack/method_override.rb:24:in `call'
rack (2.2.6.3) lib/rack/runtime.rb:22:in `call'
activesupport (6.1.7.2) lib/active_support/cache/strategy/local_cache_middleware.rb:29:in `call'
actionpack (6.1.7.2) lib/action_dispatch/middleware/executor.rb:14:in `call'
actionpack (6.1.7.2) lib/action_dispatch/middleware/static.rb:24:in `call'
rack (2.2.6.3) lib/rack/sendfile.rb:110:in `call'
actionpack (6.1.7.2) lib/action_dispatch/middleware/host_authorization.rb:148:in `call'
rack-mini-profiler (2.3.4) lib/mini_profiler/profiler.rb:393:in `call'
webpacker (5.4.4) lib/webpacker/dev_server_proxy.rb:25:in `perform_request'
rack-proxy (0.7.6) lib/rack/proxy.rb:87:in `call'
railties (6.1.7.2) lib/rails/engine.rb:539:in `call'
puma (5.6.5) lib/puma/configuration.rb:252:in `call'
puma (5.6.5) lib/puma/request.rb:77:in `block in handle_request'
puma (5.6.5) lib/puma/thread_pool.rb:340:in `with_force_shutdown'
puma (5.6.5) lib/puma/request.rb:76:in `handle_request'
puma (5.6.5) lib/puma/server.rb:443:in `process_client'
puma (5.6.5) lib/puma/thread_pool.rb:147:in `block in spawn_thread'
Started GET "/" for ::1 at 2023-03-03 14:55:30 +0530
  [1m[35m (0.1ms)[0m  [1m[34mSELECT "schema_migrations"."version" FROM "schema_migrations" ORDER BY "schema_migrations"."version" ASC[0m
  [1m[35mCACHE  (0.0ms)[0m  [1m[34mSELECT "schema_migrations"."version" FROM "schema_migrations" ORDER BY "schema_migrations"."version" ASC[0m
  
ActiveRecord::PendingMigrationError (

Migrations are pending. To resolve this issue, run:

        bin/rails db:migrate RAILS_ENV=development

You have 2 pending migrations:

20230303092435_add_status_to_articles.rb
20230303092436_add_status_to_comments.rb


):
  
activerecord (6.1.7.2) lib/active_record/migration.rb:625:in `check_pending!'
activerecord (6.1.7.2) lib/active_record/migration.rb:590:in `block (2 levels) in call'
activesupport (6.1.7.2) lib/active_support/evented_file_update_checker.rb:59:in `execute'
activerecord (6.1.7.2) lib/active_record/migration.rb:595:in `block in call'
activerecord (6.1.7.2) lib/active_record/migration.rb:587:in `synchronize'
activerecord (6.1.7.2) lib/active_record/migration.rb:587:in `call'
actionpack (6.1.7.2) lib/action_dispatch/middleware/callbacks.rb:27:in `block in call'
activesupport (6.1.7.2) lib/active_support/callbacks.rb:98:in `run_callbacks'
actionpack (6.1.7.2) lib/action_dispatch/middleware/callbacks.rb:26:in `call'
actionpack (6.1.7.2) lib/action_dispatch/middleware/executor.rb:14:in `call'
actionpack (6.1.7.2) lib/action_dispatch/middleware/actionable_exceptions.rb:18:in `call'
actionpack (6.1.7.2) lib/action_dispatch/middleware/debug_exceptions.rb:29:in `call'
web-console (4.2.0) lib/web_console/middleware.rb:132:in `call_app'
web-console (4.2.0) lib/web_console/middleware.rb:28:in `block in call'
web-console (4.2.0) lib/web_console/middleware.rb:17:in `catch'
web-console (4.2.0) lib/web_console/middleware.rb:17:in `call'
actionpack (6.1.7.2) lib/action_dispatch/middleware/show_exceptions.rb:33:in `call'
railties (6.1.7.2) lib/rails/rack/logger.rb:37:in `call_app'
railties (6.1.7.2) lib/rails/rack/logger.rb:26:in `block in call'
activesupport (6.1.7.2) lib/active_support/tagged_logging.rb:99:in `block in tagged'
activesupport (6.1.7.2) lib/active_support/tagged_logging.rb:37:in `tagged'
activesupport (6.1.7.2) lib/active_support/tagged_logging.rb:99:in `tagged'
railties (6.1.7.2) lib/rails/rack/logger.rb:26:in `call'
sprockets-rails (3.4.2) lib/sprockets/rails/quiet_assets.rb:13:in `call'
actionpack (6.1.7.2) lib/action_dispatch/middleware/remote_ip.rb:81:in `call'
actionpack (6.1.7.2) lib/action_dispatch/middleware/request_id.rb:26:in `call'
rack (2.2.6.3) lib/rack/method_override.rb:24:in `call'
rack (2.2.6.3) lib/rack/runtime.rb:22:in `call'
activesupport (6.1.7.2) lib/active_support/cache/strategy/local_cache_middleware.rb:29:in `call'
actionpack (6.1.7.2) lib/action_dispatch/middleware/executor.rb:14:in `call'
actionpack (6.1.7.2) lib/action_dispatch/middleware/static.rb:24:in `call'
rack (2.2.6.3) lib/rack/sendfile.rb:110:in `call'
actionpack (6.1.7.2) lib/action_dispatch/middleware/host_authorization.rb:148:in `call'
rack-mini-profiler (2.3.4) lib/mini_profiler/profiler.rb:393:in `call'
webpacker (5.4.4) lib/webpacker/dev_server_proxy.rb:25:in `perform_request'
rack-proxy (0.7.6) lib/rack/proxy.rb:87:in `call'
railties (6.1.7.2) lib/rails/engine.rb:539:in `call'
puma (5.6.5) lib/puma/configuration.rb:252:in `call'
puma (5.6.5) lib/puma/request.rb:77:in `block in handle_request'
puma (5.6.5) lib/puma/thread_pool.rb:340:in `with_force_shutdown'
puma (5.6.5) lib/puma/request.rb:76:in `handle_request'
puma (5.6.5) lib/puma/server.rb:443:in `process_client'
puma (5.6.5) lib/puma/thread_pool.rb:147:in `block in spawn_thread'
Started GET "/articles/2/edit" for ::1 at 2023-03-03 14:55:31 +0530
  [1m[35m (0.1ms)[0m  [1m[34mSELECT "schema_migrations"."version" FROM "schema_migrations" ORDER BY "schema_migrations"."version" ASC[0m
  [1m[35mCACHE  (0.0ms)[0m  [1m[34mSELECT "schema_migrations"."version" FROM "schema_migrations" ORDER BY "schema_migrations"."version" ASC[0m
  
ActiveRecord::PendingMigrationError (

Migrations are pending. To resolve this issue, run:

        bin/rails db:migrate RAILS_ENV=development

You have 2 pending migrations:

20230303092435_add_status_to_articles.rb
20230303092436_add_status_to_comments.rb


):
  
activerecord (6.1.7.2) lib/active_record/migration.rb:625:in `check_pending!'
activerecord (6.1.7.2) lib/active_record/migration.rb:590:in `block (2 levels) in call'
activesupport (6.1.7.2) lib/active_support/evented_file_update_checker.rb:59:in `execute'
activerecord (6.1.7.2) lib/active_record/migration.rb:595:in `block in call'
activerecord (6.1.7.2) lib/active_record/migration.rb:587:in `synchronize'
activerecord (6.1.7.2) lib/active_record/migration.rb:587:in `call'
actionpack (6.1.7.2) lib/action_dispatch/middleware/callbacks.rb:27:in `block in call'
activesupport (6.1.7.2) lib/active_support/callbacks.rb:98:in `run_callbacks'
actionpack (6.1.7.2) lib/action_dispatch/middleware/callbacks.rb:26:in `call'
actionpack (6.1.7.2) lib/action_dispatch/middleware/executor.rb:14:in `call'
actionpack (6.1.7.2) lib/action_dispatch/middleware/actionable_exceptions.rb:18:in `call'
actionpack (6.1.7.2) lib/action_dispatch/middleware/debug_exceptions.rb:29:in `call'
web-console (4.2.0) lib/web_console/middleware.rb:132:in `call_app'
web-console (4.2.0) lib/web_console/middleware.rb:28:in `block in call'
web-console (4.2.0) lib/web_console/middleware.rb:17:in `catch'
web-console (4.2.0) lib/web_console/middleware.rb:17:in `call'
actionpack (6.1.7.2) lib/action_dispatch/middleware/show_exceptions.rb:33:in `call'
railties (6.1.7.2) lib/rails/rack/logger.rb:37:in `call_app'
railties (6.1.7.2) lib/rails/rack/logger.rb:26:in `block in call'
activesupport (6.1.7.2) lib/active_support/tagged_logging.rb:99:in `block in tagged'
activesupport (6.1.7.2) lib/active_support/tagged_logging.rb:37:in `tagged'
activesupport (6.1.7.2) lib/active_support/tagged_logging.rb:99:in `tagged'
railties (6.1.7.2) lib/rails/rack/logger.rb:26:in `call'
sprockets-rails (3.4.2) lib/sprockets/rails/quiet_assets.rb:13:in `call'
actionpack (6.1.7.2) lib/action_dispatch/middleware/remote_ip.rb:81:in `call'
actionpack (6.1.7.2) lib/action_dispatch/middleware/request_id.rb:26:in `call'
rack (2.2.6.3) lib/rack/method_override.rb:24:in `call'
rack (2.2.6.3) lib/rack/runtime.rb:22:in `call'
activesupport (6.1.7.2) lib/active_support/cache/strategy/local_cache_middleware.rb:29:in `call'
actionpack (6.1.7.2) lib/action_dispatch/middleware/executor.rb:14:in `call'
actionpack (6.1.7.2) lib/action_dispatch/middleware/static.rb:24:in `call'
rack (2.2.6.3) lib/rack/sendfile.rb:110:in `call'
actionpack (6.1.7.2) lib/action_dispatch/middleware/host_authorization.rb:148:in `call'
rack-mini-profiler (2.3.4) lib/mini_profiler/profiler.rb:393:in `call'
webpacker (5.4.4) lib/webpacker/dev_server_proxy.rb:25:in `perform_request'
rack-proxy (0.7.6) lib/rack/proxy.rb:87:in `call'
railties (6.1.7.2) lib/rails/engine.rb:539:in `call'
puma (5.6.5) lib/puma/configuration.rb:252:in `call'
puma (5.6.5) lib/puma/request.rb:77:in `block in handle_request'
puma (5.6.5) lib/puma/thread_pool.rb:340:in `with_force_shutdown'
puma (5.6.5) lib/puma/request.rb:76:in `handle_request'
puma (5.6.5) lib/puma/server.rb:443:in `process_client'
puma (5.6.5) lib/puma/thread_pool.rb:147:in `block in spawn_thread'
  [1m[35m (0.2ms)[0m  [1m[34mSELECT sqlite_version(*)[0m
  [1m[35m (0.1ms)[0m  [1m[34mSELECT "schema_migrations"."version" FROM "schema_migrations" ORDER BY "schema_migrations"."version" ASC[0m
Migrating to AddStatusToArticles (20230303092435)
  [1m[36mTRANSACTION (0.0ms)[0m  [1m[36mbegin transaction[0m
  [1m[35m (0.5ms)[0m  [1m[35mALTER TABLE "articles" ADD "status" varchar[0m
  [1m[36mActiveRecord::SchemaMigration Create (0.1ms)[0m  [1m[32mINSERT INTO "schema_migrations" ("version") VALUES (?)[0m  [["version", "20230303092435"]]
  [1m[36mTRANSACTION (55.1ms)[0m  [1m[36mcommit transaction[0m
Migrating to AddStatusToComments (20230303092436)
  [1m[36mTRANSACTION (0.0ms)[0m  [1m[36mbegin transaction[0m
  [1m[35m (0.2ms)[0m  [1m[35mALTER TABLE "comments" ADD "status" varchar[0m
  [1m[36mActiveRecord::SchemaMigration Create (0.1ms)[0m  [1m[32mINSERT INTO "schema_migrations" ("version") VALUES (?)[0m  [["version", "20230303092436"]]
  [1m[36mTRANSACTION (71.2ms)[0m  [1m[36mcommit transaction[0m
  [1m[36mActiveRecord::InternalMetadata Load (0.1ms)[0m  [1m[34mSELECT "ar_internal_metadata".* FROM "ar_internal_metadata" WHERE "ar_internal_metadata"."key" = ? LIMIT ?[0m  [["key", "environment"], ["LIMIT", 1]]
  [1m[35m (0.0ms)[0m  [1m[34mSELECT sqlite_version(*)[0m
  [1m[35m (0.1ms)[0m  [1m[34mSELECT "schema_migrations"."version" FROM "schema_migrations" ORDER BY "schema_migrations"."version" ASC[0m
Started GET "/articles/2" for ::1 at 2023-03-03 15:01:09 +0530
  [1m[35m (0.0ms)[0m  [1m[34mSELECT sqlite_version(*)[0m
  [1m[35m (0.1ms)[0m  [1m[34mSELECT "schema_migrations"."version" FROM "schema_migrations" ORDER BY "schema_migrations"."version" ASC[0m
Processing by ArticlesController#show as HTML
  Parameters: {"id"=>"2"}
  [1m[36mArticle Load (0.1ms)[0m  [1m[34mSELECT "articles".* FROM "articles" WHERE "articles"."id" = ? LIMIT ?[0m  [["id", 2], ["LIMIT", 1]]
  ↳ app/controllers/articles_controller.rb:7:in `show'
  Rendering layout layouts/application.html.erb
  Rendering articles/show.html.erb within layouts/application
  [1m[36mComment Load (0.2ms)[0m  [1m[34mSELECT "comments".* FROM "comments" WHERE "comments"."article_id" = ?[0m  [["article_id", 2]]
  ↳ app/views/articles/show.html.erb:13
  Rendered collection of templates [0 times] (Duration: 0.0ms | Allocations: 12)
  Rendered comments/_form.html.erb (Duration: 4.2ms | Allocations: 4767)
  Rendered articles/show.html.erb within layouts/application (Duration: 7.1ms | Allocations: 7548)
[Webpacker] Everything's up-to-date. Nothing to do
  Rendered layout layouts/application.html.erb (Duration: 13.0ms | Allocations: 10476)
Completed 200 OK in 18ms (Views: 13.2ms | ActiveRecord: 0.7ms | Allocations: 15978)


Started POST "/articles/2/comments" for ::1 at 2023-03-03 15:01:13 +0530
Processing by CommentsController#create as HTML
  Parameters: {"authenticity_token"=>"[FILTERED]", "comment"=>{"commenter"=>"Sumit", "body"=>"raetse", "status"=>"public"}, "commit"=>"Create Comment", "article_id"=>"2"}
  [1m[36mArticle Load (0.1ms)[0m  [1m[34mSELECT "articles".* FROM "articles" WHERE "articles"."id" = ? LIMIT ?[0m  [["id", 2], ["LIMIT", 1]]
  ↳ app/controllers/comments_controller.rb:3:in `create'
  [1m[36mTRANSACTION (0.0ms)[0m  [1m[36mbegin transaction[0m
  ↳ app/controllers/comments_controller.rb:4:in `create'
  [1m[36mComment Create (0.2ms)[0m  [1m[32mINSERT INTO "comments" ("commenter", "body", "article_id", "created_at", "updated_at", "status") VALUES (?, ?, ?, ?, ?, ?)[0m  [["commenter", "Sumit"], ["body", "raetse"], ["article_id", 2], ["created_at", "2023-03-03 09:31:13.655463"], ["updated_at", "2023-03-03 09:31:13.655463"], ["status", "public"]]
  ↳ app/controllers/comments_controller.rb:4:in `create'
  [1m[36mTRANSACTION (182.1ms)[0m  [1m[36mcommit transaction[0m
  ↳ app/controllers/comments_controller.rb:4:in `create'
Redirected to http://localhost:3000/articles/2
Completed 302 Found in 193ms (ActiveRecord: 182.5ms | Allocations: 5881)


Started GET "/articles/2" for ::1 at 2023-03-03 15:01:13 +0530
Processing by ArticlesController#show as HTML
  Parameters: {"id"=>"2"}
  [1m[36mArticle Load (0.3ms)[0m  [1m[34mSELECT "articles".* FROM "articles" WHERE "articles"."id" = ? LIMIT ?[0m  [["id", 2], ["LIMIT", 1]]
  ↳ app/controllers/articles_controller.rb:7:in `show'
  Rendering layout layouts/application.html.erb
  Rendering articles/show.html.erb within layouts/application
  [1m[36mComment Load (0.2ms)[0m  [1m[34mSELECT "comments".* FROM "comments" WHERE "comments"."article_id" = ?[0m  [["article_id", 2]]
  ↳ app/views/articles/show.html.erb:13
  Rendered collection of comments/_comment.html.erb [1 times] (Duration: 2.3ms | Allocations: 367)
  Rendered comments/_form.html.erb (Duration: 4.0ms | Allocations: 1254)
  Rendered articles/show.html.erb within layouts/application (Duration: 14.7ms | Allocations: 2903)
[Webpacker] Everything's up-to-date. Nothing to do
  Rendered layout layouts/application.html.erb (Duration: 21.0ms | Allocations: 5864)
Completed 200 OK in 27ms (Views: 21.8ms | ActiveRecord: 0.5ms | Allocations: 6846)


Started DELETE "/articles/2/comments/1" for ::1 at 2023-03-03 15:01:16 +0530
Processing by CommentsController#destroy as HTML
  Parameters: {"authenticity_token"=>"[FILTERED]", "article_id"=>"2", "id"=>"1"}
  [1m[36mArticle Load (0.1ms)[0m  [1m[34mSELECT "articles".* FROM "articles" WHERE "articles"."id" = ? LIMIT ?[0m  [["id", 2], ["LIMIT", 1]]
  ↳ app/controllers/comments_controller.rb:9:in `destroy'
  [1m[36mComment Load (0.1ms)[0m  [1m[34mSELECT "comments".* FROM "comments" WHERE "comments"."article_id" = ? AND "comments"."id" = ? LIMIT ?[0m  [["article_id", 2], ["id", 1], ["LIMIT", 1]]
  ↳ app/controllers/comments_controller.rb:10:in `destroy'
  [1m[36mTRANSACTION (0.0ms)[0m  [1m[36mbegin transaction[0m
  ↳ app/controllers/comments_controller.rb:11:in `destroy'
  [1m[36mComment Destroy (0.2ms)[0m  [1m[31mDELETE FROM "comments" WHERE "comments"."id" = ?[0m  [["id", 1]]
  ↳ app/controllers/comments_controller.rb:11:in `destroy'
  [1m[36mTRANSACTION (94.5ms)[0m  [1m[36mcommit transaction[0m
  ↳ app/controllers/comments_controller.rb:11:in `destroy'
Redirected to http://localhost:3000/articles/2
Completed 302 Found in 104ms (ActiveRecord: 94.9ms | Allocations: 5563)


Started GET "/articles/2" for ::1 at 2023-03-03 15:01:16 +0530
Processing by ArticlesController#show as HTML
  Parameters: {"id"=>"2"}
  [1m[36mArticle Load (0.1ms)[0m  [1m[34mSELECT "articles".* FROM "articles" WHERE "articles"."id" = ? LIMIT ?[0m  [["id", 2], ["LIMIT", 1]]
  ↳ app/controllers/articles_controller.rb:7:in `show'
  Rendering layout layouts/application.html.erb
  Rendering articles/show.html.erb within layouts/application
  [1m[36mComment Load (0.0ms)[0m  [1m[34mSELECT "comments".* FROM "comments" WHERE "comments"."article_id" = ?[0m  [["article_id", 2]]
  ↳ app/views/articles/show.html.erb:13
  Rendered collection of templates [0 times] (Duration: 0.0ms | Allocations: 10)
  Rendered comments/_form.html.erb (Duration: 1.2ms | Allocations: 1253)
  Rendered articles/show.html.erb within layouts/application (Duration: 2.4ms | Allocations: 2298)
[Webpacker] Everything's up-to-date. Nothing to do
  Rendered layout layouts/application.html.erb (Duration: 4.7ms | Allocations: 5258)
Completed 200 OK in 6ms (Views: 5.1ms | ActiveRecord: 0.1ms | Allocations: 6239)


